Дата и время вызова функции: 2024-04-12 15:10:04.063508
Функция: "hello_world"
Аргументы функции: args: (), kwargs: {}
Возвращаемое значение: result: Hello World

Дата и время вызова функции: 2024-04-12 15:10:04.063508
Функция: "summator"
Аргументы функции: args: (2, 2), kwargs: {}
Возвращаемое значение: result: 4

Дата и время вызова функции: 2024-04-12 15:10:04.064524
Функция: "div"
Аргументы функции: args: (6, 2), kwargs: {}
Возвращаемое значение: result: 3.0

Дата и время вызова функции: 2024-04-12 15:10:04.064524
Функция: "summator"
Аргументы функции: args: (4.3,), kwargs: {'b': 2.2}
Возвращаемое значение: result: 6.5

Дата и время вызова функции: 2024-04-12 15:10:04.065571
Функция: "summator"
Аргументы функции: args: (), kwargs: {'a': 0, 'b': 0}
Возвращаемое значение: result: 0

